<?xml version="1.0" encoding="UTF-8"?>
<testng-results ignored="0" total="1" passed="1" failed="0" skipped="0">
  <reporter-output>
  </reporter-output>
  <suite started-at="2023-10-12T14:20:12 IST" name="Default suite" finished-at="2023-10-12T14:20:15 IST" duration-ms="2411">
    <groups>
    </groups>
    <test started-at="2023-10-12T14:20:12 IST" name="Default test" finished-at="2023-10-12T14:20:15 IST" duration-ms="2411">
      <class name="test_get01">
        <test-method signature="test1()[pri:0, instance:test_get01@6973b51b]" started-at="2023-10-12T14:20:12 IST" name="test1" finished-at="2023-10-12T14:20:14 IST" duration-ms="2203" status="PASS">
          <reporter-output>
          </reporter-output>
        </test-method> <!-- test1 -->
        <test-method is-config="true" signature="test2()[pri:0, instance:test_get01@6973b51b]" started-at="2023-10-12T14:20:14 IST" name="test2" finished-at="2023-10-12T14:20:15 IST" duration-ms="177" status="PASS">
          <reporter-output>
          </reporter-output>
        </test-method> <!-- test2 -->
      </class> <!-- test_get01 -->
    </test> <!-- Default test -->
  </suite> <!-- Default suite -->
</testng-results>
